2018-06-22 14:19:58.458  INFO 412 --- [main] com.didispace.Application                : No active profile set, falling back to default profiles: default
2018-06-22 14:19:58.472  INFO 412 --- [main] ationConfigEmbeddedWebApplicationContext : Refreshing org.springframework.boot.context.embedded.AnnotationConfigEmbeddedWebApplicationContext@7b420819: startup date [Fri Jun 22 14:19:58 CST 2018]; parent: org.springframework.context.annotation.AnnotationConfigApplicationContext@19bb07ed
2018-06-22 14:19:59.111  INFO 412 --- [main] o.s.cloud.context.scope.GenericScope     : BeanFactory id=6bac0507-68ea-36b6-adfc-3d5a14810ad1
2018-06-22 14:19:59.126  INFO 412 --- [main] f.a.AutowiredAnnotationBeanPostProcessor : JSR-330 'javax.inject.Inject' annotation found and supported for autowiring
2018-06-22 14:19:59.210  INFO 412 --- [main] trationDelegate$BeanPostProcessorChecker : Bean 'org.springframework.cloud.autoconfigure.ConfigurationPropertiesRebinderAutoConfiguration' of type [org.springframework.cloud.autoconfigure.ConfigurationPropertiesRebinderAutoConfiguration$$EnhancerBySpringCGLIB$$4987d8ec] is not eligible for getting processed by all BeanPostProcessors (for example: not eligible for auto-proxying)
2018-06-22 14:19:59.472  INFO 412 --- [main] s.b.c.e.t.TomcatEmbeddedServletContainer : Tomcat initialized with port(s): 2001 (http)
2018-06-22 14:19:59.481  INFO 412 --- [main] o.apache.catalina.core.StandardService   : Starting service [Tomcat]
2018-06-22 14:19:59.482  INFO 412 --- [main] org.apache.catalina.core.StandardEngine  : Starting Servlet Engine: Apache Tomcat/8.5.15
2018-06-22 14:19:59.674  INFO 412 --- [localhost-startStop-1] o.a.c.c.C.[Tomcat].[localhost].[/]       : Initializing Spring embedded WebApplicationContext
2018-06-22 14:19:59.674  INFO 412 --- [localhost-startStop-1] o.s.web.context.ContextLoader            : Root WebApplicationContext: initialization completed in 1202 ms
2018-06-22 14:19:59.832  INFO 412 --- [localhost-startStop-1] o.s.b.w.servlet.ServletRegistrationBean  : Mapping servlet: 'dispatcherServlet' to [/]
2018-06-22 14:19:59.837  INFO 412 --- [localhost-startStop-1] o.s.b.w.servlet.FilterRegistrationBean   : Mapping filter: 'characterEncodingFilter' to: [/*]
2018-06-22 14:19:59.837  INFO 412 --- [localhost-startStop-1] o.s.b.w.servlet.FilterRegistrationBean   : Mapping filter: 'hiddenHttpMethodFilter' to: [/*]
2018-06-22 14:19:59.837  INFO 412 --- [localhost-startStop-1] o.s.b.w.servlet.FilterRegistrationBean   : Mapping filter: 'httpPutFormContentFilter' to: [/*]
2018-06-22 14:19:59.838  INFO 412 --- [localhost-startStop-1] o.s.b.w.servlet.FilterRegistrationBean   : Mapping filter: 'requestContextFilter' to: [/*]
2018-06-22 14:20:00.849  INFO 412 --- [main] s.w.s.m.m.a.RequestMappingHandlerAdapter : Looking for @ControllerAdvice: org.springframework.boot.context.embedded.AnnotationConfigEmbeddedWebApplicationContext@7b420819: startup date [Fri Jun 22 14:19:58 CST 2018]; parent: org.springframework.context.annotation.AnnotationConfigApplicationContext@19bb07ed
2018-06-22 14:20:00.900  INFO 412 --- [main] s.w.s.m.m.a.RequestMappingHandlerMapping : Mapped "{[/dc],methods=[GET]}" onto public java.lang.String com.didispace.DcController.dc()
2018-06-22 14:20:00.905  INFO 412 --- [main] s.w.s.m.m.a.RequestMappingHandlerMapping : Mapped "{[/error]}" onto public org.springframework.http.ResponseEntity<java.util.Map<java.lang.String, java.lang.Object>> org.springframework.boot.autoconfigure.web.BasicErrorController.error(javax.servlet.http.HttpServletRequest)
2018-06-22 14:20:00.906  INFO 412 --- [main] s.w.s.m.m.a.RequestMappingHandlerMapping : Mapped "{[/error],produces=[text/html]}" onto public org.springframework.web.servlet.ModelAndView org.springframework.boot.autoconfigure.web.BasicErrorController.errorHtml(javax.servlet.http.HttpServletRequest,javax.servlet.http.HttpServletResponse)
2018-06-22 14:20:00.934  INFO 412 --- [main] o.s.w.s.handler.SimpleUrlHandlerMapping  : Mapped URL path [/webjars/**] onto handler of type [class org.springframework.web.servlet.resource.ResourceHttpRequestHandler]
2018-06-22 14:20:00.934  INFO 412 --- [main] o.s.w.s.handler.SimpleUrlHandlerMapping  : Mapped URL path [/**] onto handler of type [class org.springframework.web.servlet.resource.ResourceHttpRequestHandler]
2018-06-22 14:20:00.965  INFO 412 --- [main] o.s.w.s.handler.SimpleUrlHandlerMapping  : Mapped URL path [/**/favicon.ico] onto handler of type [class org.springframework.web.servlet.resource.ResourceHttpRequestHandler]
2018-06-22 14:20:01.239  WARN 412 --- [main] c.n.c.sources.URLConfigurationSource     : No URLs will be polled as dynamic configuration sources.
2018-06-22 14:20:01.239  INFO 412 --- [main] c.n.c.sources.URLConfigurationSource     : To enable URLs as dynamic configuration sources, define System property archaius.configurationSource.additionalUrls or make config.properties available on classpath.
2018-06-22 14:20:01.244  WARN 412 --- [main] c.n.c.sources.URLConfigurationSource     : No URLs will be polled as dynamic configuration sources.
2018-06-22 14:20:01.244  INFO 412 --- [main] c.n.c.sources.URLConfigurationSource     : To enable URLs as dynamic configuration sources, define System property archaius.configurationSource.additionalUrls or make config.properties available on classpath.
2018-06-22 14:20:01.294  INFO 412 --- [main] o.s.j.e.a.AnnotationMBeanExporter        : Registering beans for JMX exposure on startup
2018-06-22 14:20:01.302  INFO 412 --- [main] o.s.j.e.a.AnnotationMBeanExporter        : Bean with name 'environmentManager' has been autodetected for JMX exposure
2018-06-22 14:20:01.303  INFO 412 --- [main] o.s.j.e.a.AnnotationMBeanExporter        : Bean with name 'configurationPropertiesRebinder' has been autodetected for JMX exposure
2018-06-22 14:20:01.304  INFO 412 --- [main] o.s.j.e.a.AnnotationMBeanExporter        : Bean with name 'refreshScope' has been autodetected for JMX exposure
2018-06-22 14:20:01.306  INFO 412 --- [main] o.s.j.e.a.AnnotationMBeanExporter        : Located managed bean 'environmentManager': registering with JMX server as MBean [org.springframework.cloud.context.environment:name=environmentManager,type=EnvironmentManager]
2018-06-22 14:20:01.316  INFO 412 --- [main] o.s.j.e.a.AnnotationMBeanExporter        : Located managed bean 'refreshScope': registering with JMX server as MBean [org.springframework.cloud.context.scope.refresh:name=refreshScope,type=RefreshScope]
2018-06-22 14:20:01.326  INFO 412 --- [main] o.s.j.e.a.AnnotationMBeanExporter        : Located managed bean 'configurationPropertiesRebinder': registering with JMX server as MBean [org.springframework.cloud.context.properties:name=configurationPropertiesRebinder,context=7b420819,type=ConfigurationPropertiesRebinder]
2018-06-22 14:20:01.424  INFO 412 --- [main] o.s.c.support.DefaultLifecycleProcessor  : Starting beans in phase 0
2018-06-22 14:20:01.430  INFO 412 --- [main] o.s.c.n.eureka.InstanceInfoFactory       : Setting initial instance status as: STARTING
2018-06-22 14:20:01.471  INFO 412 --- [main] com.netflix.discovery.DiscoveryClient    : Initializing Eureka in region us-east-1
2018-06-22 14:20:02.041  INFO 412 --- [main] c.n.d.provider.DiscoveryJerseyProvider   : Using JSON encoding codec LegacyJacksonJson
2018-06-22 14:20:02.042  INFO 412 --- [main] c.n.d.provider.DiscoveryJerseyProvider   : Using JSON decoding codec LegacyJacksonJson
2018-06-22 14:20:02.127  INFO 412 --- [main] c.n.d.provider.DiscoveryJerseyProvider   : Using XML encoding codec XStreamXml
2018-06-22 14:20:02.128  INFO 412 --- [main] c.n.d.provider.DiscoveryJerseyProvider   : Using XML decoding codec XStreamXml
2018-06-22 14:20:02.324  INFO 412 --- [main] c.n.d.s.r.aws.ConfigClusterResolver      : Resolving eureka endpoints via configuration
2018-06-22 14:20:02.639  INFO 412 --- [main] com.netflix.discovery.DiscoveryClient    : Disable delta property : false
2018-06-22 14:20:02.640  INFO 412 --- [main] com.netflix.discovery.DiscoveryClient    : Single vip registry refresh property : null
2018-06-22 14:20:02.640  INFO 412 --- [main] com.netflix.discovery.DiscoveryClient    : Force full registry fetch : false
2018-06-22 14:20:02.640  INFO 412 --- [main] com.netflix.discovery.DiscoveryClient    : Application is null : false
2018-06-22 14:20:02.640  INFO 412 --- [main] com.netflix.discovery.DiscoveryClient    : Registered Applications size is zero : true
2018-06-22 14:20:02.640  INFO 412 --- [main] com.netflix.discovery.DiscoveryClient    : Application version is -1: true
2018-06-22 14:20:02.640  INFO 412 --- [main] com.netflix.discovery.DiscoveryClient    : Getting all instance registry info from the eureka server
2018-06-22 14:20:02.874  INFO 412 --- [main] com.netflix.discovery.DiscoveryClient    : The response status is 200
2018-06-22 14:20:02.878  INFO 412 --- [main] com.netflix.discovery.DiscoveryClient    : Starting heartbeat executor: renew interval is: 30
2018-06-22 14:20:02.880  INFO 412 --- [main] c.n.discovery.InstanceInfoReplicator     : InstanceInfoReplicator onDemand update allowed rate per min is 4
2018-06-22 14:20:02.883  INFO 412 --- [main] com.netflix.discovery.DiscoveryClient    : Discovery Client initialized at timestamp 1529648402883 with initial instances count: 1
2018-06-22 14:20:02.901  INFO 412 --- [main] o.s.c.n.e.s.EurekaServiceRegistry        : Registering application eureka-client with eureka with status UP
2018-06-22 14:20:02.901  INFO 412 --- [main] com.netflix.discovery.DiscoveryClient    : Saw local status change event StatusChangeEvent [timestamp=1529648402901, current=UP, previous=STARTING]
2018-06-22 14:20:02.903  INFO 412 --- [DiscoveryClient-InstanceInfoReplicator-0] com.netflix.discovery.DiscoveryClient    : DiscoveryClient_EUREKA-CLIENT/wangtao01.home.langchao.com:eureka-client:2001: registering service...
2018-06-22 14:20:02.937 ERROR 412 --- [main] o.a.coyote.http11.Http11NioProtocol      : Failed to start end point associated with ProtocolHandler ["http-nio-2001"]

java.net.BindException: Address already in use: bind
	at sun.nio.ch.Net.bind0(Native Method) ~[na:1.8.0_131]
	at sun.nio.ch.Net.bind(Net.java:433) ~[na:1.8.0_131]
	at sun.nio.ch.Net.bind(Net.java:425) ~[na:1.8.0_131]
	at sun.nio.ch.ServerSocketChannelImpl.bind(ServerSocketChannelImpl.java:223) ~[na:1.8.0_131]
	at sun.nio.ch.ServerSocketAdaptor.bind(ServerSocketAdaptor.java:74) ~[na:1.8.0_131]
	at org.apache.tomcat.util.net.NioEndpoint.bind(NioEndpoint.java:210) ~[tomcat-embed-core-8.5.15.jar:8.5.15]
	at org.apache.tomcat.util.net.AbstractEndpoint.start(AbstractEndpoint.java:978) ~[tomcat-embed-core-8.5.15.jar:8.5.15]
	at org.apache.coyote.AbstractProtocol.start(AbstractProtocol.java:628) ~[tomcat-embed-core-8.5.15.jar:8.5.15]
	at org.apache.catalina.connector.Connector.startInternal(Connector.java:1022) [tomcat-embed-core-8.5.15.jar:8.5.15]
	at org.apache.catalina.util.LifecycleBase.start(LifecycleBase.java:150) [tomcat-embed-core-8.5.15.jar:8.5.15]
	at org.apache.catalina.core.StandardService.addConnector(StandardService.java:225) [tomcat-embed-core-8.5.15.jar:8.5.15]
	at org.springframework.boot.context.embedded.tomcat.TomcatEmbeddedServletContainer.addPreviouslyRemovedConnectors(TomcatEmbeddedServletContainer.java:250) [spring-boot-1.5.4.RELEASE.jar:1.5.4.RELEASE]
	at org.springframework.boot.context.embedded.tomcat.TomcatEmbeddedServletContainer.start(TomcatEmbeddedServletContainer.java:193) [spring-boot-1.5.4.RELEASE.jar:1.5.4.RELEASE]
	at org.springframework.boot.context.embedded.EmbeddedWebApplicationContext.startEmbeddedServletContainer(EmbeddedWebApplicationContext.java:297) [spring-boot-1.5.4.RELEASE.jar:1.5.4.RELEASE]
	at org.springframework.boot.context.embedded.EmbeddedWebApplicationContext.finishRefresh(EmbeddedWebApplicationContext.java:145) [spring-boot-1.5.4.RELEASE.jar:1.5.4.RELEASE]
	at org.springframework.context.support.AbstractApplicationContext.refresh(AbstractApplicationContext.java:546) [spring-context-4.3.9.RELEASE.jar:4.3.9.RELEASE]
	at org.springframework.boot.context.embedded.EmbeddedWebApplicationContext.refresh(EmbeddedWebApplicationContext.java:122) [spring-boot-1.5.4.RELEASE.jar:1.5.4.RELEASE]
	at org.springframework.boot.SpringApplication.refresh(SpringApplication.java:693) [spring-boot-1.5.4.RELEASE.jar:1.5.4.RELEASE]
	at org.springframework.boot.SpringApplication.refreshContext(SpringApplication.java:360) [spring-boot-1.5.4.RELEASE.jar:1.5.4.RELEASE]
	at org.springframework.boot.SpringApplication.run(SpringApplication.java:303) [spring-boot-1.5.4.RELEASE.jar:1.5.4.RELEASE]
	at org.springframework.boot.builder.SpringApplicationBuilder.run(SpringApplicationBuilder.java:134) [spring-boot-1.5.4.RELEASE.jar:1.5.4.RELEASE]
	at com.didispace.Application.main(Application.java:12) [classes/:na]

2018-06-22 14:20:02.939 ERROR 412 --- [main] o.apache.catalina.core.StandardService   : Failed to start connector [Connector[HTTP/1.1-2001]]

org.apache.catalina.LifecycleException: Failed to start component [Connector[HTTP/1.1-2001]]
	at org.apache.catalina.util.LifecycleBase.start(LifecycleBase.java:167) ~[tomcat-embed-core-8.5.15.jar:8.5.15]
	at org.apache.catalina.core.StandardService.addConnector(StandardService.java:225) ~[tomcat-embed-core-8.5.15.jar:8.5.15]
	at org.springframework.boot.context.embedded.tomcat.TomcatEmbeddedServletContainer.addPreviouslyRemovedConnectors(TomcatEmbeddedServletContainer.java:250) [spring-boot-1.5.4.RELEASE.jar:1.5.4.RELEASE]
	at org.springframework.boot.context.embedded.tomcat.TomcatEmbeddedServletContainer.start(TomcatEmbeddedServletContainer.java:193) [spring-boot-1.5.4.RELEASE.jar:1.5.4.RELEASE]
	at org.springframework.boot.context.embedded.EmbeddedWebApplicationContext.startEmbeddedServletContainer(EmbeddedWebApplicationContext.java:297) [spring-boot-1.5.4.RELEASE.jar:1.5.4.RELEASE]
	at org.springframework.boot.context.embedded.EmbeddedWebApplicationContext.finishRefresh(EmbeddedWebApplicationContext.java:145) [spring-boot-1.5.4.RELEASE.jar:1.5.4.RELEASE]
	at org.springframework.context.support.AbstractApplicationContext.refresh(AbstractApplicationContext.java:546) [spring-context-4.3.9.RELEASE.jar:4.3.9.RELEASE]
	at org.springframework.boot.context.embedded.EmbeddedWebApplicationContext.refresh(EmbeddedWebApplicationContext.java:122) [spring-boot-1.5.4.RELEASE.jar:1.5.4.RELEASE]
	at org.springframework.boot.SpringApplication.refresh(SpringApplication.java:693) [spring-boot-1.5.4.RELEASE.jar:1.5.4.RELEASE]
	at org.springframework.boot.SpringApplication.refreshContext(SpringApplication.java:360) [spring-boot-1.5.4.RELEASE.jar:1.5.4.RELEASE]
	at org.springframework.boot.SpringApplication.run(SpringApplication.java:303) [spring-boot-1.5.4.RELEASE.jar:1.5.4.RELEASE]
	at org.springframework.boot.builder.SpringApplicationBuilder.run(SpringApplicationBuilder.java:134) [spring-boot-1.5.4.RELEASE.jar:1.5.4.RELEASE]
	at com.didispace.Application.main(Application.java:12) [classes/:na]
Caused by: org.apache.catalina.LifecycleException: service.getName(): "Tomcat";  Protocol handler start failed
	at org.apache.catalina.connector.Connector.startInternal(Connector.java:1029) ~[tomcat-embed-core-8.5.15.jar:8.5.15]
	at org.apache.catalina.util.LifecycleBase.start(LifecycleBase.java:150) ~[tomcat-embed-core-8.5.15.jar:8.5.15]
	... 12 common frames omitted
Caused by: java.net.BindException: Address already in use: bind
	at sun.nio.ch.Net.bind0(Native Method) ~[na:1.8.0_131]
	at sun.nio.ch.Net.bind(Net.java:433) ~[na:1.8.0_131]
	at sun.nio.ch.Net.bind(Net.java:425) ~[na:1.8.0_131]
	at sun.nio.ch.ServerSocketChannelImpl.bind(ServerSocketChannelImpl.java:223) ~[na:1.8.0_131]
	at sun.nio.ch.ServerSocketAdaptor.bind(ServerSocketAdaptor.java:74) ~[na:1.8.0_131]
	at org.apache.tomcat.util.net.NioEndpoint.bind(NioEndpoint.java:210) ~[tomcat-embed-core-8.5.15.jar:8.5.15]
	at org.apache.tomcat.util.net.AbstractEndpoint.start(AbstractEndpoint.java:978) ~[tomcat-embed-core-8.5.15.jar:8.5.15]
	at org.apache.coyote.AbstractProtocol.start(AbstractProtocol.java:628) ~[tomcat-embed-core-8.5.15.jar:8.5.15]
	at org.apache.catalina.connector.Connector.startInternal(Connector.java:1022) ~[tomcat-embed-core-8.5.15.jar:8.5.15]
	... 13 common frames omitted

2018-06-22 14:20:02.946  INFO 412 --- [DiscoveryClient-InstanceInfoReplicator-0] com.netflix.discovery.DiscoveryClient    : DiscoveryClient_EUREKA-CLIENT/wangtao01.home.langchao.com:eureka-client:2001 - registration status: 204
2018-06-22 14:20:02.949  INFO 412 --- [main] o.apache.catalina.core.StandardService   : Stopping service [Tomcat]
2018-06-22 14:20:02.961  INFO 412 --- [main] utoConfigurationReportLoggingInitializer : 

Error starting ApplicationContext. To display the auto-configuration report re-run your application with 'debug' enabled.
2018-06-22 14:20:02.967 ERROR 412 --- [main] o.s.b.d.LoggingFailureAnalysisReporter   : 

***************************
APPLICATION FAILED TO START
***************************

Description:

The Tomcat connector configured to listen on port 2001 failed to start. The port may already be in use or the connector may be misconfigured.

Action:

Verify the connector's configuration, identify and stop any process that's listening on port 2001, or configure this application to listen on another port.

2018-06-22 14:20:02.968  INFO 412 --- [main] ationConfigEmbeddedWebApplicationContext : Closing org.springframework.boot.context.embedded.AnnotationConfigEmbeddedWebApplicationContext@7b420819: startup date [Fri Jun 22 14:19:58 CST 2018]; parent: org.springframework.context.annotation.AnnotationConfigApplicationContext@19bb07ed
2018-06-22 14:20:02.969  INFO 412 --- [main] o.s.c.n.e.s.EurekaServiceRegistry        : Unregistering application eureka-client with eureka with status DOWN
2018-06-22 14:20:02.969  WARN 412 --- [main] com.netflix.discovery.DiscoveryClient    : Saw local status change event StatusChangeEvent [timestamp=1529648402969, current=DOWN, previous=UP]
2018-06-22 14:20:02.970  INFO 412 --- [main] com.netflix.discovery.DiscoveryClient    : Shutting down DiscoveryClient ...
2018-06-22 14:20:02.970  INFO 412 --- [DiscoveryClient-InstanceInfoReplicator-0] com.netflix.discovery.DiscoveryClient    : DiscoveryClient_EUREKA-CLIENT/wangtao01.home.langchao.com:eureka-client:2001: registering service...
2018-06-22 14:20:02.970  INFO 412 --- [main] com.netflix.discovery.DiscoveryClient    : Unregistering ...
2018-06-22 14:20:02.976  INFO 412 --- [DiscoveryClient-InstanceInfoReplicator-0] com.netflix.discovery.DiscoveryClient    : DiscoveryClient_EUREKA-CLIENT/wangtao01.home.langchao.com:eureka-client:2001 - registration status: 204
2018-06-22 14:20:02.978  INFO 412 --- [main] com.netflix.discovery.DiscoveryClient    : DiscoveryClient_EUREKA-CLIENT/wangtao01.home.langchao.com:eureka-client:2001 - deregister  status: 200
2018-06-22 14:20:02.985  INFO 412 --- [main] com.netflix.discovery.DiscoveryClient    : Completed shut down of DiscoveryClient
2018-06-22 14:20:02.987  INFO 412 --- [main] o.s.c.support.DefaultLifecycleProcessor  : Stopping beans in phase 0
2018-06-22 14:20:02.990  INFO 412 --- [main] o.s.j.e.a.AnnotationMBeanExporter        : Unregistering JMX-exposed beans on shutdown
2018-06-22 14:20:02.990  INFO 412 --- [main] o.s.j.e.a.AnnotationMBeanExporter        : Unregistering JMX-exposed beans
2018-06-22 14:21:20.778  INFO 8588 --- [main] com.didispace.Application                : No active profile set, falling back to default profiles: default
2018-06-22 14:21:20.791  INFO 8588 --- [main] ationConfigEmbeddedWebApplicationContext : Refreshing org.springframework.boot.context.embedded.AnnotationConfigEmbeddedWebApplicationContext@7b420819: startup date [Fri Jun 22 14:21:20 CST 2018]; parent: org.springframework.context.annotation.AnnotationConfigApplicationContext@19bb07ed
2018-06-22 14:21:21.417  INFO 8588 --- [main] o.s.cloud.context.scope.GenericScope     : BeanFactory id=6bac0507-68ea-36b6-adfc-3d5a14810ad1
2018-06-22 14:21:21.434  INFO 8588 --- [main] f.a.AutowiredAnnotationBeanPostProcessor : JSR-330 'javax.inject.Inject' annotation found and supported for autowiring
2018-06-22 14:21:21.494  INFO 8588 --- [main] trationDelegate$BeanPostProcessorChecker : Bean 'org.springframework.cloud.autoconfigure.ConfigurationPropertiesRebinderAutoConfiguration' of type [org.springframework.cloud.autoconfigure.ConfigurationPropertiesRebinderAutoConfiguration$$EnhancerBySpringCGLIB$$4987d8ec] is not eligible for getting processed by all BeanPostProcessors (for example: not eligible for auto-proxying)
2018-06-22 14:21:21.761  INFO 8588 --- [main] s.b.c.e.t.TomcatEmbeddedServletContainer : Tomcat initialized with port(s): 2002 (http)
2018-06-22 14:21:21.770  INFO 8588 --- [main] o.apache.catalina.core.StandardService   : Starting service [Tomcat]
2018-06-22 14:21:21.771  INFO 8588 --- [main] org.apache.catalina.core.StandardEngine  : Starting Servlet Engine: Apache Tomcat/8.5.15
2018-06-22 14:21:21.958  INFO 8588 --- [localhost-startStop-1] o.a.c.c.C.[Tomcat].[localhost].[/]       : Initializing Spring embedded WebApplicationContext
2018-06-22 14:21:21.958  INFO 8588 --- [localhost-startStop-1] o.s.web.context.ContextLoader            : Root WebApplicationContext: initialization completed in 1167 ms
2018-06-22 14:21:22.116  INFO 8588 --- [localhost-startStop-1] o.s.b.w.servlet.ServletRegistrationBean  : Mapping servlet: 'dispatcherServlet' to [/]
2018-06-22 14:21:22.121  INFO 8588 --- [localhost-startStop-1] o.s.b.w.servlet.FilterRegistrationBean   : Mapping filter: 'characterEncodingFilter' to: [/*]
2018-06-22 14:21:22.121  INFO 8588 --- [localhost-startStop-1] o.s.b.w.servlet.FilterRegistrationBean   : Mapping filter: 'hiddenHttpMethodFilter' to: [/*]
2018-06-22 14:21:22.121  INFO 8588 --- [localhost-startStop-1] o.s.b.w.servlet.FilterRegistrationBean   : Mapping filter: 'httpPutFormContentFilter' to: [/*]
2018-06-22 14:21:22.122  INFO 8588 --- [localhost-startStop-1] o.s.b.w.servlet.FilterRegistrationBean   : Mapping filter: 'requestContextFilter' to: [/*]
2018-06-22 14:21:23.152  INFO 8588 --- [main] s.w.s.m.m.a.RequestMappingHandlerAdapter : Looking for @ControllerAdvice: org.springframework.boot.context.embedded.AnnotationConfigEmbeddedWebApplicationContext@7b420819: startup date [Fri Jun 22 14:21:20 CST 2018]; parent: org.springframework.context.annotation.AnnotationConfigApplicationContext@19bb07ed
2018-06-22 14:21:23.207  INFO 8588 --- [main] s.w.s.m.m.a.RequestMappingHandlerMapping : Mapped "{[/dc],methods=[GET]}" onto public java.lang.String com.didispace.DcController.dc()
2018-06-22 14:21:23.211  INFO 8588 --- [main] s.w.s.m.m.a.RequestMappingHandlerMapping : Mapped "{[/error]}" onto public org.springframework.http.ResponseEntity<java.util.Map<java.lang.String, java.lang.Object>> org.springframework.boot.autoconfigure.web.BasicErrorController.error(javax.servlet.http.HttpServletRequest)
2018-06-22 14:21:23.211  INFO 8588 --- [main] s.w.s.m.m.a.RequestMappingHandlerMapping : Mapped "{[/error],produces=[text/html]}" onto public org.springframework.web.servlet.ModelAndView org.springframework.boot.autoconfigure.web.BasicErrorController.errorHtml(javax.servlet.http.HttpServletRequest,javax.servlet.http.HttpServletResponse)
2018-06-22 14:21:23.239  INFO 8588 --- [main] o.s.w.s.handler.SimpleUrlHandlerMapping  : Mapped URL path [/webjars/**] onto handler of type [class org.springframework.web.servlet.resource.ResourceHttpRequestHandler]
2018-06-22 14:21:23.239  INFO 8588 --- [main] o.s.w.s.handler.SimpleUrlHandlerMapping  : Mapped URL path [/**] onto handler of type [class org.springframework.web.servlet.resource.ResourceHttpRequestHandler]
2018-06-22 14:21:23.270  INFO 8588 --- [main] o.s.w.s.handler.SimpleUrlHandlerMapping  : Mapped URL path [/**/favicon.ico] onto handler of type [class org.springframework.web.servlet.resource.ResourceHttpRequestHandler]
2018-06-22 14:21:23.558  WARN 8588 --- [main] c.n.c.sources.URLConfigurationSource     : No URLs will be polled as dynamic configuration sources.
2018-06-22 14:21:23.558  INFO 8588 --- [main] c.n.c.sources.URLConfigurationSource     : To enable URLs as dynamic configuration sources, define System property archaius.configurationSource.additionalUrls or make config.properties available on classpath.
2018-06-22 14:21:23.563  WARN 8588 --- [main] c.n.c.sources.URLConfigurationSource     : No URLs will be polled as dynamic configuration sources.
2018-06-22 14:21:23.563  INFO 8588 --- [main] c.n.c.sources.URLConfigurationSource     : To enable URLs as dynamic configuration sources, define System property archaius.configurationSource.additionalUrls or make config.properties available on classpath.
2018-06-22 14:21:23.612  INFO 8588 --- [main] o.s.j.e.a.AnnotationMBeanExporter        : Registering beans for JMX exposure on startup
2018-06-22 14:21:23.619  INFO 8588 --- [main] o.s.j.e.a.AnnotationMBeanExporter        : Bean with name 'environmentManager' has been autodetected for JMX exposure
2018-06-22 14:21:23.620  INFO 8588 --- [main] o.s.j.e.a.AnnotationMBeanExporter        : Bean with name 'configurationPropertiesRebinder' has been autodetected for JMX exposure
2018-06-22 14:21:23.621  INFO 8588 --- [main] o.s.j.e.a.AnnotationMBeanExporter        : Bean with name 'refreshScope' has been autodetected for JMX exposure
2018-06-22 14:21:23.623  INFO 8588 --- [main] o.s.j.e.a.AnnotationMBeanExporter        : Located managed bean 'environmentManager': registering with JMX server as MBean [org.springframework.cloud.context.environment:name=environmentManager,type=EnvironmentManager]
2018-06-22 14:21:23.634  INFO 8588 --- [main] o.s.j.e.a.AnnotationMBeanExporter        : Located managed bean 'refreshScope': registering with JMX server as MBean [org.springframework.cloud.context.scope.refresh:name=refreshScope,type=RefreshScope]
2018-06-22 14:21:23.644  INFO 8588 --- [main] o.s.j.e.a.AnnotationMBeanExporter        : Located managed bean 'configurationPropertiesRebinder': registering with JMX server as MBean [org.springframework.cloud.context.properties:name=configurationPropertiesRebinder,context=7b420819,type=ConfigurationPropertiesRebinder]
2018-06-22 14:21:23.741  INFO 8588 --- [main] o.s.c.support.DefaultLifecycleProcessor  : Starting beans in phase 0
2018-06-22 14:21:23.747  INFO 8588 --- [main] o.s.c.n.eureka.InstanceInfoFactory       : Setting initial instance status as: STARTING
2018-06-22 14:21:23.790  INFO 8588 --- [main] com.netflix.discovery.DiscoveryClient    : Initializing Eureka in region us-east-1
2018-06-22 14:21:24.360  INFO 8588 --- [main] c.n.d.provider.DiscoveryJerseyProvider   : Using JSON encoding codec LegacyJacksonJson
2018-06-22 14:21:24.361  INFO 8588 --- [main] c.n.d.provider.DiscoveryJerseyProvider   : Using JSON decoding codec LegacyJacksonJson
2018-06-22 14:21:24.452  INFO 8588 --- [main] c.n.d.provider.DiscoveryJerseyProvider   : Using XML encoding codec XStreamXml
2018-06-22 14:21:24.453  INFO 8588 --- [main] c.n.d.provider.DiscoveryJerseyProvider   : Using XML decoding codec XStreamXml
2018-06-22 14:21:24.638  INFO 8588 --- [main] c.n.d.s.r.aws.ConfigClusterResolver      : Resolving eureka endpoints via configuration
2018-06-22 14:21:24.966  INFO 8588 --- [main] com.netflix.discovery.DiscoveryClient    : Disable delta property : false
2018-06-22 14:21:24.966  INFO 8588 --- [main] com.netflix.discovery.DiscoveryClient    : Single vip registry refresh property : null
2018-06-22 14:21:24.966  INFO 8588 --- [main] com.netflix.discovery.DiscoveryClient    : Force full registry fetch : false
2018-06-22 14:21:24.966  INFO 8588 --- [main] com.netflix.discovery.DiscoveryClient    : Application is null : false
2018-06-22 14:21:24.966  INFO 8588 --- [main] com.netflix.discovery.DiscoveryClient    : Registered Applications size is zero : true
2018-06-22 14:21:24.966  INFO 8588 --- [main] com.netflix.discovery.DiscoveryClient    : Application version is -1: true
2018-06-22 14:21:24.966  INFO 8588 --- [main] com.netflix.discovery.DiscoveryClient    : Getting all instance registry info from the eureka server
2018-06-22 14:21:25.232  INFO 8588 --- [main] com.netflix.discovery.DiscoveryClient    : The response status is 200
2018-06-22 14:21:25.233  INFO 8588 --- [main] com.netflix.discovery.DiscoveryClient    : Starting heartbeat executor: renew interval is: 30
2018-06-22 14:21:25.236  INFO 8588 --- [main] c.n.discovery.InstanceInfoReplicator     : InstanceInfoReplicator onDemand update allowed rate per min is 4
2018-06-22 14:21:25.239  INFO 8588 --- [main] com.netflix.discovery.DiscoveryClient    : Discovery Client initialized at timestamp 1529648485239 with initial instances count: 1
2018-06-22 14:21:25.259  INFO 8588 --- [main] o.s.c.n.e.s.EurekaServiceRegistry        : Registering application eureka-client with eureka with status UP
2018-06-22 14:21:25.260  INFO 8588 --- [main] com.netflix.discovery.DiscoveryClient    : Saw local status change event StatusChangeEvent [timestamp=1529648485260, current=UP, previous=STARTING]
2018-06-22 14:21:25.262  INFO 8588 --- [DiscoveryClient-InstanceInfoReplicator-0] com.netflix.discovery.DiscoveryClient    : DiscoveryClient_EUREKA-CLIENT/wangtao01.home.langchao.com:eureka-client:2002: registering service...
2018-06-22 14:21:25.304  INFO 8588 --- [DiscoveryClient-InstanceInfoReplicator-0] com.netflix.discovery.DiscoveryClient    : DiscoveryClient_EUREKA-CLIENT/wangtao01.home.langchao.com:eureka-client:2002 - registration status: 204
2018-06-22 14:21:25.322  INFO 8588 --- [main] s.b.c.e.t.TomcatEmbeddedServletContainer : Tomcat started on port(s): 2002 (http)
2018-06-22 14:21:25.323  INFO 8588 --- [main] .s.c.n.e.s.EurekaAutoServiceRegistration : Updating port to 2002
2018-06-22 14:21:25.326  INFO 8588 --- [main] com.didispace.Application                : Started Application in 6.642 seconds (JVM running for 7.938)
2018-06-22 14:22:25.444  INFO 8588 --- [DiscoveryClient-HeartbeatExecutor-0] com.netflix.discovery.DiscoveryClient    : DiscoveryClient_EUREKA-CLIENT/wangtao01.home.langchao.com:eureka-client:2002 - Re-registering apps/EUREKA-CLIENT
2018-06-22 14:22:25.444  INFO 8588 --- [DiscoveryClient-HeartbeatExecutor-0] com.netflix.discovery.DiscoveryClient    : DiscoveryClient_EUREKA-CLIENT/wangtao01.home.langchao.com:eureka-client:2002: registering service...
2018-06-22 14:22:25.509  INFO 8588 --- [DiscoveryClient-HeartbeatExecutor-0] com.netflix.discovery.DiscoveryClient    : DiscoveryClient_EUREKA-CLIENT/wangtao01.home.langchao.com:eureka-client:2002 - registration status: 204
2018-06-22 14:22:55.475  INFO 8588 --- [DiscoveryClient-CacheRefreshExecutor-0] com.netflix.discovery.DiscoveryClient    : Disable delta property : false
2018-06-22 14:22:55.476  INFO 8588 --- [DiscoveryClient-CacheRefreshExecutor-0] com.netflix.discovery.DiscoveryClient    : Single vip registry refresh property : null
2018-06-22 14:22:55.477  INFO 8588 --- [DiscoveryClient-CacheRefreshExecutor-0] com.netflix.discovery.DiscoveryClient    : Force full registry fetch : false
2018-06-22 14:22:55.477  INFO 8588 --- [DiscoveryClient-CacheRefreshExecutor-0] com.netflix.discovery.DiscoveryClient    : Application is null : false
2018-06-22 14:22:55.477  INFO 8588 --- [DiscoveryClient-CacheRefreshExecutor-0] com.netflix.discovery.DiscoveryClient    : Registered Applications size is zero : true
2018-06-22 14:22:55.477  INFO 8588 --- [DiscoveryClient-CacheRefreshExecutor-0] com.netflix.discovery.DiscoveryClient    : Application version is -1: false
2018-06-22 14:22:55.478  INFO 8588 --- [DiscoveryClient-CacheRefreshExecutor-0] com.netflix.discovery.DiscoveryClient    : Getting all instance registry info from the eureka server
2018-06-22 14:22:55.483  INFO 8588 --- [DiscoveryClient-CacheRefreshExecutor-0] com.netflix.discovery.DiscoveryClient    : The response status is 200
2018-06-22 14:26:24.974  INFO 8588 --- [AsyncResolver-bootstrap-executor-0] c.n.d.s.r.aws.ConfigClusterResolver      : Resolving eureka endpoints via configuration
2018-06-22 14:26:45.136  INFO 2928 --- [main] com.didispace.Application                : No active profile set, falling back to default profiles: default
2018-06-22 14:26:45.150  INFO 2928 --- [main] ationConfigEmbeddedWebApplicationContext : Refreshing org.springframework.boot.context.embedded.AnnotationConfigEmbeddedWebApplicationContext@7b420819: startup date [Fri Jun 22 14:26:45 CST 2018]; parent: org.springframework.context.annotation.AnnotationConfigApplicationContext@19bb07ed
2018-06-22 14:26:45.787  INFO 2928 --- [main] o.s.cloud.context.scope.GenericScope     : BeanFactory id=6bac0507-68ea-36b6-adfc-3d5a14810ad1
2018-06-22 14:26:45.803  INFO 2928 --- [main] f.a.AutowiredAnnotationBeanPostProcessor : JSR-330 'javax.inject.Inject' annotation found and supported for autowiring
2018-06-22 14:26:45.865  INFO 2928 --- [main] trationDelegate$BeanPostProcessorChecker : Bean 'org.springframework.cloud.autoconfigure.ConfigurationPropertiesRebinderAutoConfiguration' of type [org.springframework.cloud.autoconfigure.ConfigurationPropertiesRebinderAutoConfiguration$$EnhancerBySpringCGLIB$$4987d8ec] is not eligible for getting processed by all BeanPostProcessors (for example: not eligible for auto-proxying)
2018-06-22 14:26:46.136  INFO 2928 --- [main] s.b.c.e.t.TomcatEmbeddedServletContainer : Tomcat initialized with port(s): 2002 (http)
2018-06-22 14:26:46.146  INFO 2928 --- [main] o.apache.catalina.core.StandardService   : Starting service [Tomcat]
2018-06-22 14:26:46.147  INFO 2928 --- [main] org.apache.catalina.core.StandardEngine  : Starting Servlet Engine: Apache Tomcat/8.5.15
2018-06-22 14:26:46.331  INFO 2928 --- [localhost-startStop-1] o.a.c.c.C.[Tomcat].[localhost].[/]       : Initializing Spring embedded WebApplicationContext
2018-06-22 14:26:46.332  INFO 2928 --- [localhost-startStop-1] o.s.web.context.ContextLoader            : Root WebApplicationContext: initialization completed in 1181 ms
2018-06-22 14:26:46.501  INFO 2928 --- [localhost-startStop-1] o.s.b.w.servlet.ServletRegistrationBean  : Mapping servlet: 'dispatcherServlet' to [/]
2018-06-22 14:26:46.506  INFO 2928 --- [localhost-startStop-1] o.s.b.w.servlet.FilterRegistrationBean   : Mapping filter: 'characterEncodingFilter' to: [/*]
2018-06-22 14:26:46.507  INFO 2928 --- [localhost-startStop-1] o.s.b.w.servlet.FilterRegistrationBean   : Mapping filter: 'hiddenHttpMethodFilter' to: [/*]
2018-06-22 14:26:46.507  INFO 2928 --- [localhost-startStop-1] o.s.b.w.servlet.FilterRegistrationBean   : Mapping filter: 'httpPutFormContentFilter' to: [/*]
2018-06-22 14:26:46.507  INFO 2928 --- [localhost-startStop-1] o.s.b.w.servlet.FilterRegistrationBean   : Mapping filter: 'requestContextFilter' to: [/*]
2018-06-22 14:26:47.520  INFO 2928 --- [main] s.w.s.m.m.a.RequestMappingHandlerAdapter : Looking for @ControllerAdvice: org.springframework.boot.context.embedded.AnnotationConfigEmbeddedWebApplicationContext@7b420819: startup date [Fri Jun 22 14:26:45 CST 2018]; parent: org.springframework.context.annotation.AnnotationConfigApplicationContext@19bb07ed
2018-06-22 14:26:47.578  INFO 2928 --- [main] s.w.s.m.m.a.RequestMappingHandlerMapping : Mapped "{[/dc],methods=[GET]}" onto public java.lang.String com.didispace.DcController.dc()
2018-06-22 14:26:47.581  INFO 2928 --- [main] s.w.s.m.m.a.RequestMappingHandlerMapping : Mapped "{[/error]}" onto public org.springframework.http.ResponseEntity<java.util.Map<java.lang.String, java.lang.Object>> org.springframework.boot.autoconfigure.web.BasicErrorController.error(javax.servlet.http.HttpServletRequest)
2018-06-22 14:26:47.582  INFO 2928 --- [main] s.w.s.m.m.a.RequestMappingHandlerMapping : Mapped "{[/error],produces=[text/html]}" onto public org.springframework.web.servlet.ModelAndView org.springframework.boot.autoconfigure.web.BasicErrorController.errorHtml(javax.servlet.http.HttpServletRequest,javax.servlet.http.HttpServletResponse)
2018-06-22 14:26:47.608  INFO 2928 --- [main] o.s.w.s.handler.SimpleUrlHandlerMapping  : Mapped URL path [/webjars/**] onto handler of type [class org.springframework.web.servlet.resource.ResourceHttpRequestHandler]
2018-06-22 14:26:47.609  INFO 2928 --- [main] o.s.w.s.handler.SimpleUrlHandlerMapping  : Mapped URL path [/**] onto handler of type [class org.springframework.web.servlet.resource.ResourceHttpRequestHandler]
2018-06-22 14:26:47.644  INFO 2928 --- [main] o.s.w.s.handler.SimpleUrlHandlerMapping  : Mapped URL path [/**/favicon.ico] onto handler of type [class org.springframework.web.servlet.resource.ResourceHttpRequestHandler]
2018-06-22 14:26:47.919  WARN 2928 --- [main] c.n.c.sources.URLConfigurationSource     : No URLs will be polled as dynamic configuration sources.
2018-06-22 14:26:47.919  INFO 2928 --- [main] c.n.c.sources.URLConfigurationSource     : To enable URLs as dynamic configuration sources, define System property archaius.configurationSource.additionalUrls or make config.properties available on classpath.
2018-06-22 14:26:47.924  WARN 2928 --- [main] c.n.c.sources.URLConfigurationSource     : No URLs will be polled as dynamic configuration sources.
2018-06-22 14:26:47.924  INFO 2928 --- [main] c.n.c.sources.URLConfigurationSource     : To enable URLs as dynamic configuration sources, define System property archaius.configurationSource.additionalUrls or make config.properties available on classpath.
2018-06-22 14:26:47.975  INFO 2928 --- [main] o.s.j.e.a.AnnotationMBeanExporter        : Registering beans for JMX exposure on startup
2018-06-22 14:26:47.983  INFO 2928 --- [main] o.s.j.e.a.AnnotationMBeanExporter        : Bean with name 'environmentManager' has been autodetected for JMX exposure
2018-06-22 14:26:47.984  INFO 2928 --- [main] o.s.j.e.a.AnnotationMBeanExporter        : Bean with name 'configurationPropertiesRebinder' has been autodetected for JMX exposure
2018-06-22 14:26:47.984  INFO 2928 --- [main] o.s.j.e.a.AnnotationMBeanExporter        : Bean with name 'refreshScope' has been autodetected for JMX exposure
2018-06-22 14:26:47.986  INFO 2928 --- [main] o.s.j.e.a.AnnotationMBeanExporter        : Located managed bean 'environmentManager': registering with JMX server as MBean [org.springframework.cloud.context.environment:name=environmentManager,type=EnvironmentManager]
2018-06-22 14:26:47.998  INFO 2928 --- [main] o.s.j.e.a.AnnotationMBeanExporter        : Located managed bean 'refreshScope': registering with JMX server as MBean [org.springframework.cloud.context.scope.refresh:name=refreshScope,type=RefreshScope]
2018-06-22 14:26:48.008  INFO 2928 --- [main] o.s.j.e.a.AnnotationMBeanExporter        : Located managed bean 'configurationPropertiesRebinder': registering with JMX server as MBean [org.springframework.cloud.context.properties:name=configurationPropertiesRebinder,context=7b420819,type=ConfigurationPropertiesRebinder]
2018-06-22 14:26:48.106  INFO 2928 --- [main] o.s.c.support.DefaultLifecycleProcessor  : Starting beans in phase 0
2018-06-22 14:26:48.113  INFO 2928 --- [main] o.s.c.n.eureka.InstanceInfoFactory       : Setting initial instance status as: STARTING
2018-06-22 14:26:48.155  INFO 2928 --- [main] com.netflix.discovery.DiscoveryClient    : Initializing Eureka in region us-east-1
2018-06-22 14:26:48.713  INFO 2928 --- [main] c.n.d.provider.DiscoveryJerseyProvider   : Using JSON encoding codec LegacyJacksonJson
2018-06-22 14:26:48.713  INFO 2928 --- [main] c.n.d.provider.DiscoveryJerseyProvider   : Using JSON decoding codec LegacyJacksonJson
2018-06-22 14:26:48.799  INFO 2928 --- [main] c.n.d.provider.DiscoveryJerseyProvider   : Using XML encoding codec XStreamXml
2018-06-22 14:26:48.800  INFO 2928 --- [main] c.n.d.provider.DiscoveryJerseyProvider   : Using XML decoding codec XStreamXml
2018-06-22 14:26:48.986  INFO 2928 --- [main] c.n.d.s.r.aws.ConfigClusterResolver      : Resolving eureka endpoints via configuration
2018-06-22 14:26:49.296  INFO 2928 --- [main] com.netflix.discovery.DiscoveryClient    : Disable delta property : false
2018-06-22 14:26:49.296  INFO 2928 --- [main] com.netflix.discovery.DiscoveryClient    : Single vip registry refresh property : null
2018-06-22 14:26:49.296  INFO 2928 --- [main] com.netflix.discovery.DiscoveryClient    : Force full registry fetch : false
2018-06-22 14:26:49.296  INFO 2928 --- [main] com.netflix.discovery.DiscoveryClient    : Application is null : false
2018-06-22 14:26:49.296  INFO 2928 --- [main] com.netflix.discovery.DiscoveryClient    : Registered Applications size is zero : true
2018-06-22 14:26:49.296  INFO 2928 --- [main] com.netflix.discovery.DiscoveryClient    : Application version is -1: true
2018-06-22 14:26:49.296  INFO 2928 --- [main] com.netflix.discovery.DiscoveryClient    : Getting all instance registry info from the eureka server
2018-06-22 14:26:49.527  INFO 2928 --- [main] com.netflix.discovery.DiscoveryClient    : The response status is 200
2018-06-22 14:26:49.530  INFO 2928 --- [main] com.netflix.discovery.DiscoveryClient    : Starting heartbeat executor: renew interval is: 30
2018-06-22 14:26:49.533  INFO 2928 --- [main] c.n.discovery.InstanceInfoReplicator     : InstanceInfoReplicator onDemand update allowed rate per min is 4
2018-06-22 14:26:49.536  INFO 2928 --- [main] com.netflix.discovery.DiscoveryClient    : Discovery Client initialized at timestamp 1529648809536 with initial instances count: 2
2018-06-22 14:26:49.558  INFO 2928 --- [main] o.s.c.n.e.s.EurekaServiceRegistry        : Registering application eureka-client with eureka with status UP
2018-06-22 14:26:49.559  INFO 2928 --- [main] com.netflix.discovery.DiscoveryClient    : Saw local status change event StatusChangeEvent [timestamp=1529648809559, current=UP, previous=STARTING]
2018-06-22 14:26:49.561  INFO 2928 --- [DiscoveryClient-InstanceInfoReplicator-0] com.netflix.discovery.DiscoveryClient    : DiscoveryClient_EUREKA-CLIENT/wangtao01.home.langchao.com:eureka-client:2002: registering service...
2018-06-22 14:26:49.605  INFO 2928 --- [DiscoveryClient-InstanceInfoReplicator-0] com.netflix.discovery.DiscoveryClient    : DiscoveryClient_EUREKA-CLIENT/wangtao01.home.langchao.com:eureka-client:2002 - registration status: 204
2018-06-22 14:26:49.620  INFO 2928 --- [main] s.b.c.e.t.TomcatEmbeddedServletContainer : Tomcat started on port(s): 2002 (http)
2018-06-22 14:26:49.620  INFO 2928 --- [main] .s.c.n.e.s.EurekaAutoServiceRegistration : Updating port to 2002
2018-06-22 14:26:49.623  INFO 2928 --- [main] com.didispace.Application                : Started Application in 6.718 seconds (JVM running for 8.033)
2018-06-22 14:28:49.722  INFO 2928 --- [DiscoveryClient-HeartbeatExecutor-0] com.netflix.discovery.DiscoveryClient    : DiscoveryClient_EUREKA-CLIENT/wangtao01.home.langchao.com:eureka-client:2002 - Re-registering apps/EUREKA-CLIENT
2018-06-22 14:28:49.722  INFO 2928 --- [DiscoveryClient-HeartbeatExecutor-0] com.netflix.discovery.DiscoveryClient    : DiscoveryClient_EUREKA-CLIENT/wangtao01.home.langchao.com:eureka-client:2002: registering service...
2018-06-22 14:28:49.794  INFO 2928 --- [DiscoveryClient-HeartbeatExecutor-0] com.netflix.discovery.DiscoveryClient    : DiscoveryClient_EUREKA-CLIENT/wangtao01.home.langchao.com:eureka-client:2002 - registration status: 204
2018-06-22 14:29:19.732  INFO 2928 --- [DiscoveryClient-CacheRefreshExecutor-0] com.netflix.discovery.DiscoveryClient    : Disable delta property : false
2018-06-22 14:29:19.732  INFO 2928 --- [DiscoveryClient-CacheRefreshExecutor-0] com.netflix.discovery.DiscoveryClient    : Single vip registry refresh property : null
2018-06-22 14:29:19.733  INFO 2928 --- [DiscoveryClient-CacheRefreshExecutor-0] com.netflix.discovery.DiscoveryClient    : Force full registry fetch : false
2018-06-22 14:29:19.733  INFO 2928 --- [DiscoveryClient-CacheRefreshExecutor-0] com.netflix.discovery.DiscoveryClient    : Application is null : false
2018-06-22 14:29:19.734  INFO 2928 --- [DiscoveryClient-CacheRefreshExecutor-0] com.netflix.discovery.DiscoveryClient    : Registered Applications size is zero : true
2018-06-22 14:29:19.734  INFO 2928 --- [DiscoveryClient-CacheRefreshExecutor-0] com.netflix.discovery.DiscoveryClient    : Application version is -1: false
2018-06-22 14:29:19.735  INFO 2928 --- [DiscoveryClient-CacheRefreshExecutor-0] com.netflix.discovery.DiscoveryClient    : Getting all instance registry info from the eureka server
2018-06-22 14:29:19.742  INFO 2928 --- [DiscoveryClient-CacheRefreshExecutor-0] com.netflix.discovery.DiscoveryClient    : The response status is 200
